<?xml version="1.0" encoding="UTF-8"?>
<testng-results ignored="0" total="1" passed="1" failed="0" skipped="0">
  <reporter-output>
  </reporter-output>
  <suite started-at="2023-11-16T15:27:09 IST" name="Default suite" finished-at="2023-11-16T15:28:14 IST" duration-ms="65008">
    <groups>
    </groups>
    <test started-at="2023-11-16T15:27:09 IST" name="Default test" finished-at="2023-11-16T15:28:14 IST" duration-ms="65008">
      <class name="zap_security.ZapConfig">
        <test-method is-config="true" signature="browsersetup()[pri:0, instance:zap_security.ZapConfig@55b53d44]" started-at="2023-11-16T15:27:09 IST" name="browsersetup" finished-at="2023-11-16T15:27:15 IST" duration-ms="6093" status="PASS">
          <reporter-output>
          </reporter-output>
        </test-method> <!-- browsersetup -->
        <test-method is-config="true" signature="clientApi()[pri:0, instance:zap_security.ZapConfig@55b53d44]" started-at="2023-11-16T15:27:15 IST" name="clientApi" finished-at="2023-11-16T15:27:15 IST" duration-ms="171" status="PASS">
          <reporter-output>
          </reporter-output>
        </test-method> <!-- clientApi -->
        <test-method signature="WelcomePage()[pri:1, instance:zap_security.ZapConfig@55b53d44]" started-at="2023-11-16T15:27:15 IST" name="WelcomePage" finished-at="2023-11-16T15:28:08 IST" duration-ms="53175" status="PASS">
          <reporter-output>
          </reporter-output>
        </test-method> <!-- WelcomePage -->
        <test-method is-config="true" signature="securityReport()[pri:0, instance:zap_security.ZapConfig@55b53d44]" started-at="2023-11-16T15:28:08 IST" name="securityReport" finished-at="2023-11-16T15:28:10 IST" duration-ms="1888" status="PASS">
          <reporter-output>
          </reporter-output>
        </test-method> <!-- securityReport -->
        <test-method is-config="true" signature="closeBrowser()[pri:0, instance:zap_security.ZapConfig@55b53d44]" started-at="2023-11-16T15:28:10 IST" name="closeBrowser" finished-at="2023-11-16T15:28:14 IST" duration-ms="3636" status="PASS">
          <reporter-output>
          </reporter-output>
        </test-method> <!-- closeBrowser -->
      </class> <!-- zap_security.ZapConfig -->
    </test> <!-- Default test -->
  </suite> <!-- Default suite -->
</testng-results>
